heap profile: 1: 288 [12644: 4826312376] @ heap/1048576
1: 288 [1: 288] @ 0x416a6a 0x43321f 0x435bbf 0x4307e7 0x431ca9 0x4319a5 0x43cb86
0: 0 [1: 491520] @ 0x41a627 0x5a5d2b 0x5a658e 0x5b3f58 0x5a67f9 0x5b3c6e 0x5a627b 0x5aa06f 0x5abac3 0x5ab21f 0x4f036c 0x50876f 0x53a82d 0x54371d 0x53a78a 0x460a49 0x45ac2f 0x43f1a1
0: 0 [2: 64] @ 0x5594f9 0x5a45b9 0x5a6696 0x5b3d68 0x5a658e 0x5b3f58 0x5a67f9 0x5b3c6e 0x5a627b 0x5aa06f 0x5abac3 0x5ab21f 0x4f036c 0x50876f 0x53a82d 0x54371d 0x53a78a 0x460a49 0x45ac2f 0x43f1a1
0: 0 [1: 311296] @ 0x41a627 0x5a5d2b 0x5a658e 0x5b3f58 0x5a67f9 0x5b3c6e 0x5a627b 0x5aa06f 0x5abac3 0x5ab21f 0x4f036c 0x50876f 0x53a82d 0x54371d 0x53a78a 0x460a49 0x45ac2f 0x43f1a1
0: 0 [1: 196608] @ 0x41a627 0x5a5332 0x5a599a 0x5a67f9 0x5b3d68 0x5a658e 0x5b3f58 0x5a67f9 0x5b3c6e 0x5a627b 0x5aa06f 0x5abac3 0x5ab21f 0x4f036c 0x50876f 0x53a82d 0x54371d 0x53a78a 0x460a49 0x45ac2f 0x43f1a1
0: 0 [1: 155648] @ 0x41a627 0x5a5516 0x5a599a 0x5a67f9 0x5b3d68 0x5a658e 0x5b3f58 0x5a67f9 0x5b3c6e 0x5a627b 0x5aa06f 0x5abac3 0x5ab21f 0x4f036c 0x50876f 0x53a82d 0x54371d 0x53a78a 0x460a49 0x45ac2f 0x43f1a1
0: 0 [1: 2048] @ 0x41a627 0x5c71b6 0x4f7afc 0x5086df 0x53a82d 0x54371d 0x53a78a 0x460a49 0x45ac2f 0x43f1a1
0: 0 [1: 3328] @ 0x41a627 0x5c71b6 0x4f7afc 0x5086df 0x53a82d 0x54371d 0x53a78a 0x460a49 0x45ac2f 0x43f1a1
0: 0 [1: 20480] @ 0x41a627 0x5c71b6 0x4f7afc 0x5086df 0x53a82d 0x54371d 0x53a78a 0x460a49 0x45ac2f 0x43f1a1
0: 0 [1: 16] @ 0x5c6802 0x5c6099 0x4f7921 0x5086df 0x53a82d 0x54371d 0x53a78a 0x460a49 0x45ac2f 0x43f1a1
0: 0 [1: 17664] @ 0x41a627 0x5c71b6 0x4f7afc 0x5086df 0x53a82d 0x54371d 0x53a78a 0x460a49 0x45ac2f 0x43f1a1
0: 0 [1: 10496] @ 0x41a627 0x5c71b6 0x4f7afc 0x5086df 0x53a82d 0x54371d 0x53a78a 0x460a49 0x45ac2f 0x43f1a1
0: 0 [1: 24576] @ 0x41a627 0x4f6a48 0x4f7652 0x5086df 0x53a82d 0x54371d 0x53a78a 0x460a49 0x45ac2f 0x43f1a1
0: 0 [2: 5120] @ 0x41a627 0x5c71b6 0x4f7afc 0x5086df 0x53a82d 0x54371d 0x53a78a 0x460a49 0x45ac2f 0x43f1a1
0: 0 [1: 6144] @ 0x41a627 0x5c71b6 0x4f7afc 0x5086df 0x53a82d 0x54371d 0x53a78a 0x460a49 0x45ac2f 0x43f1a1
0: 0 [1: 128] @ 0x41a627 0x4f6a48 0x4f7652 0x5086df 0x53a82d 0x54371d 0x53a78a 0x460a49 0x45ac2f 0x43f1a1
0: 0 [3: 24576] @ 0x41a627 0x4f6a48 0x4f7652 0x5086df 0x53a82d 0x54371d 0x53a78a 0x460a49 0x45ac2f 0x43f1a1
0: 0 [1: 4608] @ 0x41a627 0x5c71b6 0x4f7afc 0x5086df 0x53a82d 0x54371d 0x53a78a 0x460a49 0x45ac2f 0x43f1a1
0: 0 [1: 6656] @ 0x41a627 0x5c71b6 0x4f7afc 0x5086df 0x53a82d 0x54371d 0x53a78a 0x460a49 0x45ac2f 0x43f1a1
0: 0 [2: 256] @ 0x4f74e0 0x5086df 0x53a82d 0x54371d 0x53a78a 0x460a49 0x45ac2f 0x43f1a1
0: 0 [1: 4096] @ 0x41a627 0x5c71b6 0x4f7afc 0x5086df 0x53a82d 0x54371d 0x53a78a 0x460a49 0x45ac2f 0x43f1a1
0: 0 [2: 128] @ 0x41a627 0x4f6a48 0x4f7652 0x5086df 0x53a82d 0x54371d 0x53a78a 0x460a49 0x45ac2f 0x43f1a1
0: 0 [1: 32] @ 0x41a627 0x4f6a48 0x4f7652 0x5086df 0x53a82d 0x54371d 0x53a78a 0x460a49 0x45ac2f 0x43f1a1
0: 0 [6: 62976] @ 0x41a627 0x4f6a48 0x4f7652 0x5086df 0x53a82d 0x54371d 0x53a78a 0x460a49 0x45ac2f 0x43f1a1
0: 0 [2: 4608] @ 0x41a627 0x5c71b6 0x4f7afc 0x5086df 0x53a82d 0x54371d 0x53a78a 0x460a49 0x45ac2f 0x43f1a1
0: 0 [11: 67584] @ 0x41a627 0x4f6a48 0x4f7652 0x5086df 0x53a82d 0x54371d 0x53a78a 0x460a49 0x45ac2f 0x43f1a1
0: 0 [1: 1152] @ 0x41a627 0x5c71b6 0x4f7afc 0x5086df 0x53a82d 0x54371d 0x53a78a 0x460a49 0x45ac2f 0x43f1a1
0: 0 [3: 40704] @ 0x41a627 0x4f6a48 0x4f7652 0x5086df 0x53a82d 0x54371d 0x53a78a 0x460a49 0x45ac2f 0x43f1a1
0: 0 [10: 33280] @ 0x41a627 0x4f6a48 0x4f7652 0x5086df 0x53a82d 0x54371d 0x53a78a 0x460a49 0x45ac2f 0x43f1a1
0: 0 [1: 1664] @ 0x41a627 0x5c71b6 0x4f7afc 0x5086df 0x53a82d 0x54371d 0x53a78a 0x460a49 0x45ac2f 0x43f1a1
0: 0 [5: 12800] @ 0x41a627 0x4f6a48 0x4f7652 0x5086df 0x53a82d 0x54371d 0x53a78a 0x460a49 0x45ac2f 0x43f1a1
0: 0 [4: 1024] @ 0x41a627 0x4f6a48 0x4f7652 0x5086df 0x53a82d 0x54371d 0x53a78a 0x460a49 0x45ac2f 0x43f1a1
0: 0 [21: 21504] @ 0x41a627 0x4f6a48 0x4f7652 0x5086df 0x53a82d 0x54371d 0x53a78a 0x460a49 0x45ac2f 0x43f1a1
0: 0 [10: 20480] @ 0x41a627 0x4f6a48 0x4f7652 0x5086df 0x53a82d 0x54371d 0x53a78a 0x460a49 0x45ac2f 0x43f1a1
0: 0 [7: 32256] @ 0x41a627 0x4f6a48 0x4f7652 0x5086df 0x53a82d 0x54371d 0x53a78a 0x460a49 0x45ac2f 0x43f1a1
0: 0 [111: 1776] @ 0x5c6145 0x4f7921 0x5086df 0x53a82d 0x54371d 0x53a78a 0x460a49 0x45ac2f 0x43f1a1
0: 0 [126: 2016] @ 0x40bd70 0x443b5f 0x4414f1 0x5c61b8 0x4f7921 0x5086df 0x53a82d 0x54371d 0x53a78a 0x460a49 0x45ac2f 0x43f1a1
0: 0 [9: 8064] @ 0x41a627 0x5c71b6 0x4f7afc 0x5086df 0x53a82d 0x54371d 0x53a78a 0x460a49 0x45ac2f 0x43f1a1
0: 0 [1: 16] @ 0x41add9 0x441c16 0x460cff 0x5c677a 0x5c6099 0x4f7921 0x5086df 0x53a82d 0x54371d 0x53a78a 0x460a49 0x45ac2f 0x43f1a1
0: 0 [116: 1856] @ 0x5c63e1 0x4f7921 0x5086df 0x53a82d 0x54371d 0x53a78a 0x460a49 0x45ac2f 0x43f1a1
0: 0 [3: 24576] @ 0x41a627 0x5c71b6 0x4f7afc 0x5086df 0x53a82d 0x54371d 0x53a78a 0x460a49 0x45ac2f 0x43f1a1
0: 0 [8: 4096] @ 0x41a627 0x4f6a48 0x4f7652 0x5086df 0x53a82d 0x54371d 0x53a78a 0x460a49 0x45ac2f 0x43f1a1
0: 0 [107: 1712] @ 0x40bd70 0x4428a5 0x44155b 0x5c61b8 0x4f7921 0x5086df 0x53a82d 0x54371d 0x53a78a 0x460a49 0x45ac2f 0x43f1a1
0: 0 [116: 1856] @ 0x40bd70 0x4428a5 0x44155b 0x5c6454 0x4f7921 0x5086df 0x53a82d 0x54371d 0x53a78a 0x460a49 0x45ac2f 0x43f1a1
0: 0 [123: 1968] @ 0x40bd70 0x443b5f 0x4414f1 0x5c6454 0x4f7921 0x5086df 0x53a82d 0x54371d 0x53a78a 0x460a49 0x45ac2f 0x43f1a1
0: 0 [1: 933888] @ 0x41add9 0x441c16 0x500a46 0x50865a 0x53a82d 0x54371d 0x53a78a 0x460a49 0x45ac2f 0x43f1a1
0: 0 [1: 933888] @ 0x41a856 0x41aac1 0x6bbc40 0x5bd408 0x500a14 0x50865a 0x53a82d 0x54371d 0x53a78a 0x460a49 0x45ac2f 0x43f1a1
0: 0 [1: 933888] @ 0x41a856 0x41aac1 0x6bbbf8 0x5bd408 0x500a14 0x50865a 0x53a82d 0x54371d 0x53a78a 0x460a49 0x45ac2f 0x43f1a1
0: 0 [50: 46694400] @ 0x41a856 0x41abb7 0x6bbf0b 0x6bbbb6 0x5bd408 0x500a14 0x50865a 0x53a82d 0x54371d 0x53a78a 0x460a49 0x45ac2f 0x43f1a1
0: 0 [100: 92569600] @ 0x41a856 0x41abb7 0x6bbf0b 0x6bbbb6 0x5bd408 0x500a14 0x50865a 0x53a82d 0x54371d 0x53a78a 0x460a49 0x45ac2f 0x43f1a1
0: 0 [101: 92667904] @ 0x41a856 0x41abb7 0x6bbf0b 0x6bbbb6 0x5bd408 0x500a14 0x50865a 0x53a82d 0x54371d 0x53a78a 0x460a49 0x45ac2f 0x43f1a1
0: 0 [100: 90931200] @ 0x41a856 0x41abb7 0x6bbf0b 0x6bbbb6 0x5bd408 0x500a14 0x50865a 0x53a82d 0x54371d 0x53a78a 0x460a49 0x45ac2f 0x43f1a1
0: 0 [98: 88309760] @ 0x41a856 0x41abb7 0x6bbf0b 0x6bbbb6 0x5bd408 0x500a14 0x50865a 0x53a82d 0x54371d 0x53a78a 0x460a49 0x45ac2f 0x43f1a1
0: 0 [98: 87506944] @ 0x41a856 0x41abb7 0x6bbf0b 0x6bbbb6 0x5bd408 0x500a14 0x50865a 0x53a82d 0x54371d 0x53a78a 0x460a49 0x45ac2f 0x43f1a1
0: 0 [98: 86704128] @ 0x41a856 0x41abb7 0x6bbf0b 0x6bbbb6 0x5bd408 0x500a14 0x50865a 0x53a82d 0x54371d 0x53a78a 0x460a49 0x45ac2f 0x43f1a1
0: 0 [97: 85024768] @ 0x41a856 0x41abb7 0x6bbf0b 0x6bbbb6 0x5bd408 0x500a14 0x50865a 0x53a82d 0x54371d 0x53a78a 0x460a49 0x45ac2f 0x43f1a1
0: 0 [98: 85098496] @ 0x41a856 0x41abb7 0x6bbf0b 0x6bbbb6 0x5bd408 0x500a14 0x50865a 0x53a82d 0x54371d 0x53a78a 0x460a49 0x45ac2f 0x43f1a1
0: 0 [98: 84295680] @ 0x41a856 0x41abb7 0x6bbf0b 0x6bbbb6 0x5bd408 0x500a14 0x50865a 0x53a82d 0x54371d 0x53a78a 0x460a49 0x45ac2f 0x43f1a1
0: 0 [1: 80] @ 0x41a856 0x41ab34 0x6bf494 0x6c11d2 0x6bbe8f 0x6bbbb6 0x5bd408 0x500a14 0x50865a 0x53a82d 0x54371d 0x53a78a 0x460a49 0x45ac2f 0x43f1a1
0: 0 [102: 86900736] @ 0x41a856 0x41abb7 0x6bbf0b 0x6bbbb6 0x5bd408 0x500a14 0x50865a 0x53a82d 0x54371d 0x53a78a 0x460a49 0x45ac2f 0x43f1a1
0: 0 [100: 84377600] @ 0x41a856 0x41abb7 0x6bbf0b 0x6bbbb6 0x5bd408 0x500a14 0x50865a 0x53a82d 0x54371d 0x53a78a 0x460a49 0x45ac2f 0x43f1a1
0: 0 [98: 81887232] @ 0x41a856 0x41abb7 0x6bbf0b 0x6bbbb6 0x5bd408 0x500a14 0x50865a 0x53a82d 0x54371d 0x53a78a 0x460a49 0x45ac2f 0x43f1a1
0: 0 [99: 81911808] @ 0x41a856 0x41abb7 0x6bbf0b 0x6bbbb6 0x5bd408 0x500a14 0x50865a 0x53a82d 0x54371d 0x53a78a 0x460a49 0x45ac2f 0x43f1a1
0: 0 [98: 80281600] @ 0x41a856 0x41abb7 0x6bbf0b 0x6bbbb6 0x5bd408 0x500a14 0x50865a 0x53a82d 0x54371d 0x53a78a 0x460a49 0x45ac2f 0x43f1a1
0: 0 [98: 79478784] @ 0x41a856 0x41abb7 0x6bbf0b 0x6bbbb6 0x5bd408 0x500a14 0x50865a 0x53a82d 0x54371d 0x53a78a 0x460a49 0x45ac2f 0x43f1a1
0: 0 [99: 79478784] @ 0x41a856 0x41abb7 0x6bbf0b 0x6bbbb6 0x5bd408 0x500a14 0x50865a 0x53a82d 0x54371d 0x53a78a 0x460a49 0x45ac2f 0x43f1a1
0: 0 [98: 77873152] @ 0x41a856 0x41abb7 0x6bbf0b 0x6bbbb6 0x5bd408 0x500a14 0x50865a 0x53a82d 0x54371d 0x53a78a 0x460a49 0x45ac2f 0x43f1a1
0: 0 [99: 77856768] @ 0x41a856 0x41abb7 0x6bbf0b 0x6bbbb6 0x5bd408 0x500a14 0x50865a 0x53a82d 0x54371d 0x53a78a 0x460a49 0x45ac2f 0x43f1a1
0: 0 [98: 76267520] @ 0x41a856 0x41abb7 0x6bbf0b 0x6bbbb6 0x5bd408 0x500a14 0x50865a 0x53a82d 0x54371d 0x53a78a 0x460a49 0x45ac2f 0x43f1a1
0: 0 [98: 75464704] @ 0x41a856 0x41abb7 0x6bbf0b 0x6bbbb6 0x5bd408 0x500a14 0x50865a 0x53a82d 0x54371d 0x53a78a 0x460a49 0x45ac2f 0x43f1a1
0: 0 [98: 74661888] @ 0x41a856 0x41abb7 0x6bbf0b 0x6bbbb6 0x5bd408 0x500a14 0x50865a 0x53a82d 0x54371d 0x53a78a 0x460a49 0x45ac2f 0x43f1a1
0: 0 [99: 74612736] @ 0x41a856 0x41abb7 0x6bbf0b 0x6bbbb6 0x5bd408 0x500a14 0x50865a 0x53a82d 0x54371d 0x53a78a 0x460a49 0x45ac2f 0x43f1a1
0: 0 [98: 73056256] @ 0x41a856 0x41abb7 0x6bbf0b 0x6bbbb6 0x5bd408 0x500a14 0x50865a 0x53a82d 0x54371d 0x53a78a 0x460a49 0x45ac2f 0x43f1a1
0: 0 [98: 72253440] @ 0x41a856 0x41abb7 0x6bbf0b 0x6bbbb6 0x5bd408 0x500a14 0x50865a 0x53a82d 0x54371d 0x53a78a 0x460a49 0x45ac2f 0x43f1a1
0: 0 [98: 71450624] @ 0x41a856 0x41abb7 0x6bbf0b 0x6bbbb6 0x5bd408 0x500a14 0x50865a 0x53a82d 0x54371d 0x53a78a 0x460a49 0x45ac2f 0x43f1a1
0: 0 [98: 70647808] @ 0x41a856 0x41abb7 0x6bbf0b 0x6bbbb6 0x5bd408 0x500a14 0x50865a 0x53a82d 0x54371d 0x53a78a 0x460a49 0x45ac2f 0x43f1a1
0: 0 [99: 70557696] @ 0x41a856 0x41abb7 0x6bbf0b 0x6bbbb6 0x5bd408 0x500a14 0x50865a 0x53a82d 0x54371d 0x53a78a 0x460a49 0x45ac2f 0x43f1a1
0: 0 [98: 69042176] @ 0x41a856 0x41abb7 0x6bbf0b 0x6bbbb6 0x5bd408 0x500a14 0x50865a 0x53a82d 0x54371d 0x53a78a 0x460a49 0x45ac2f 0x43f1a1
0: 0 [98: 68239360] @ 0x41a856 0x41abb7 0x6bbf0b 0x6bbbb6 0x5bd408 0x500a14 0x50865a 0x53a82d 0x54371d 0x53a78a 0x460a49 0x45ac2f 0x43f1a1
0: 0 [99: 68124672] @ 0x41a856 0x41abb7 0x6bbf0b 0x6bbbb6 0x5bd408 0x500a14 0x50865a 0x53a82d 0x54371d 0x53a78a 0x460a49 0x45ac2f 0x43f1a1
0: 0 [98: 66633728] @ 0x41a856 0x41abb7 0x6bbf0b 0x6bbbb6 0x5bd408 0x500a14 0x50865a 0x53a82d 0x54371d 0x53a78a 0x460a49 0x45ac2f 0x43f1a1
0: 0 [98: 65830912] @ 0x41a856 0x41abb7 0x6bbf0b 0x6bbbb6 0x5bd408 0x500a14 0x50865a 0x53a82d 0x54371d 0x53a78a 0x460a49 0x45ac2f 0x43f1a1
0: 0 [98: 65028096] @ 0x41a856 0x41abb7 0x6bbf0b 0x6bbbb6 0x5bd408 0x500a14 0x50865a 0x53a82d 0x54371d 0x53a78a 0x460a49 0x45ac2f 0x43f1a1
0: 0 [99: 64880640] @ 0x41a856 0x41abb7 0x6bbf0b 0x6bbbb6 0x5bd408 0x500a14 0x50865a 0x53a82d 0x54371d 0x53a78a 0x460a49 0x45ac2f 0x43f1a1
0: 0 [98: 63422464] @ 0x41a856 0x41abb7 0x6bbf0b 0x6bbbb6 0x5bd408 0x500a14 0x50865a 0x53a82d 0x54371d 0x53a78a 0x460a49 0x45ac2f 0x43f1a1
0: 0 [98: 62619648] @ 0x41a856 0x41abb7 0x6bbf0b 0x6bbbb6 0x5bd408 0x500a14 0x50865a 0x53a82d 0x54371d 0x53a78a 0x460a49 0x45ac2f 0x43f1a1
0: 0 [98: 61816832] @ 0x41a856 0x41abb7 0x6bbf0b 0x6bbbb6 0x5bd408 0x500a14 0x50865a 0x53a82d 0x54371d 0x53a78a 0x460a49 0x45ac2f 0x43f1a1
0: 0 [99: 61636608] @ 0x41a856 0x41abb7 0x6bbf0b 0x6bbbb6 0x5bd408 0x500a14 0x50865a 0x53a82d 0x54371d 0x53a78a 0x460a49 0x45ac2f 0x43f1a1
0: 0 [98: 60211200] @ 0x41a856 0x41abb7 0x6bbf0b 0x6bbbb6 0x5bd408 0x500a14 0x50865a 0x53a82d 0x54371d 0x53a78a 0x460a49 0x45ac2f 0x43f1a1
0: 0 [99: 60014592] @ 0x41a856 0x41abb7 0x6bbf0b 0x6bbbb6 0x5bd408 0x500a14 0x50865a 0x53a82d 0x54371d 0x53a78a 0x460a49 0x45ac2f 0x43f1a1
0: 0 [98: 58605568] @ 0x41a856 0x41abb7 0x6bbf0b 0x6bbbb6 0x5bd408 0x500a14 0x50865a 0x53a82d 0x54371d 0x53a78a 0x460a49 0x45ac2f 0x43f1a1
0: 0 [2: 160] @ 0x41a856 0x41abb7 0x6bd184 0x6bf44b 0x6c11d2 0x6bbe8f 0x6bbbb6 0x5bd408 0x500a14 0x50865a 0x53a82d 0x54371d 0x53a78a 0x460a49 0x45ac2f 0x43f1a1
0: 0 [98: 57802752] @ 0x41a856 0x41abb7 0x6bbf0b 0x6bbbb6 0x5bd408 0x500a14 0x50865a 0x53a82d 0x54371d 0x53a78a 0x460a49 0x45ac2f 0x43f1a1
0: 0 [2: 128] @ 0x41a856 0x41ab34 0x6bdca0 0x6bd105 0x6bf44b 0x6c11d2 0x6bbe8f 0x6bbbb6 0x5bd408 0x500a14 0x50865a 0x53a82d 0x54371d 0x53a78a 0x460a49 0x45ac2f 0x43f1a1
0: 0 [98: 56999936] @ 0x41a856 0x41abb7 0x6bbf0b 0x6bbbb6 0x5bd408 0x500a14 0x50865a 0x53a82d 0x54371d 0x53a78a 0x460a49 0x45ac2f 0x43f1a1
0: 0 [99: 56770560] @ 0x41a856 0x41abb7 0x6bbf0b 0x6bbbb6 0x5bd408 0x500a14 0x50865a 0x53a82d 0x54371d 0x53a78a 0x460a49 0x45ac2f 0x43f1a1
0: 0 [98: 55394304] @ 0x41a856 0x41abb7 0x6bbf0b 0x6bbbb6 0x5bd408 0x500a14 0x50865a 0x53a82d 0x54371d 0x53a78a 0x460a49 0x45ac2f 0x43f1a1
0: 0 [98: 54591488] @ 0x41a856 0x41abb7 0x6bbf0b 0x6bbbb6 0x5bd408 0x500a14 0x50865a 0x53a82d 0x54371d 0x53a78a 0x460a49 0x45ac2f 0x43f1a1
0: 0 [99: 54337536] @ 0x41a856 0x41abb7 0x6bbf0b 0x6bbbb6 0x5bd408 0x500a14 0x50865a 0x53a82d 0x54371d 0x53a78a 0x460a49 0x45ac2f 0x43f1a1
0: 0 [98: 52985856] @ 0x41a856 0x41abb7 0x6bbf0b 0x6bbbb6 0x5bd408 0x500a14 0x50865a 0x53a82d 0x54371d 0x53a78a 0x460a49 0x45ac2f 0x43f1a1
0: 0 [98: 52183040] @ 0x41a856 0x41abb7 0x6bbf0b 0x6bbbb6 0x5bd408 0x500a14 0x50865a 0x53a82d 0x54371d 0x53a78a 0x460a49 0x45ac2f 0x43f1a1
0: 0 [99: 51904512] @ 0x41a856 0x41abb7 0x6bbf0b 0x6bbbb6 0x5bd408 0x500a14 0x50865a 0x53a82d 0x54371d 0x53a78a 0x460a49 0x45ac2f 0x43f1a1
0: 0 [65: 33546240] @ 0x41a856 0x41abb7 0x6bbf0b 0x6bbbb6 0x5bd408 0x500a14 0x50865a 0x53a82d 0x54371d 0x53a78a 0x460a49 0x45ac2f 0x43f1a1
0: 0 [67: 34029568] @ 0x41a856 0x41abb7 0x6bbf0b 0x6bbbb6 0x5bd408 0x500a14 0x50865a 0x53a82d 0x54371d 0x53a78a 0x460a49 0x45ac2f 0x43f1a1
0: 0 [72: 35979264] @ 0x41a856 0x41abb7 0x6bbf0b 0x6bbbb6 0x5bd408 0x500a14 0x50865a 0x53a82d 0x54371d 0x53a78a 0x460a49 0x45ac2f 0x43f1a1
0: 0 [70: 34406400] @ 0x41a856 0x41abb7 0x6bbf0b 0x6bbbb6 0x5bd408 0x500a14 0x50865a 0x53a82d 0x54371d 0x53a78a 0x460a49 0x45ac2f 0x43f1a1
0: 0 [72: 34799616] @ 0x41a856 0x41abb7 0x6bbf0b 0x6bbbb6 0x5bd408 0x500a14 0x50865a 0x53a82d 0x54371d 0x53a78a 0x460a49 0x45ac2f 0x43f1a1
0: 0 [70: 33259520] @ 0x41a856 0x41abb7 0x6bbf0b 0x6bbbb6 0x5bd408 0x500a14 0x50865a 0x53a82d 0x54371d 0x53a78a 0x460a49 0x45ac2f 0x43f1a1
0: 0 [60: 28016640] @ 0x41a856 0x41abb7 0x6bbf0b 0x6bbbb6 0x5bd408 0x500a14 0x50865a 0x53a82d 0x54371d 0x53a78a 0x460a49 0x45ac2f 0x43f1a1
0: 0 [109: 1744] @ 0x41a856 0x41abb7 0x6be25d 0x6bdbfb 0x6bd105 0x6bf44b 0x6c11d2 0x6bbe8f 0x6bbbb6 0x5bd408 0x500a14 0x50865a 0x53a82d 0x54371d 0x53a78a 0x460a49 0x45ac2f 0x43f1a1
0: 0 [85: 38993920] @ 0x41a856 0x41abb7 0x6bbf0b 0x6bbbb6 0x5bd408 0x500a14 0x50865a 0x53a82d 0x54371d 0x53a78a 0x460a49 0x45ac2f 0x43f1a1
0: 0 [99: 44605440] @ 0x41a856 0x41abb7 0x6bbf0b 0x6bbbb6 0x5bd408 0x500a14 0x50865a 0x53a82d 0x54371d 0x53a78a 0x460a49 0x45ac2f 0x43f1a1
0: 0 [108: 47775744] @ 0x41a856 0x41abb7 0x6bbf0b 0x6bbbb6 0x5bd408 0x500a14 0x50865a 0x53a82d 0x54371d 0x53a78a 0x460a49 0x45ac2f 0x43f1a1
0: 0 [98: 42549248] @ 0x41a856 0x41abb7 0x6bbf0b 0x6bbbb6 0x5bd408 0x500a14 0x50865a 0x53a82d 0x54371d 0x53a78a 0x460a49 0x45ac2f 0x43f1a1
0: 0 [97: 41320448] @ 0x41a856 0x41abb7 0x6bbf0b 0x6bbbb6 0x5bd408 0x500a14 0x50865a 0x53a82d 0x54371d 0x53a78a 0x460a49 0x45ac2f 0x43f1a1
0: 0 [97: 40525824] @ 0x41a856 0x41abb7 0x6bbf0b 0x6bbbb6 0x5bd408 0x500a14 0x50865a 0x53a82d 0x54371d 0x53a78a 0x460a49 0x45ac2f 0x43f1a1
0: 0 [93: 38092800] @ 0x41a856 0x41abb7 0x6bbf0b 0x6bbbb6 0x5bd408 0x500a14 0x50865a 0x53a82d 0x54371d 0x53a78a 0x460a49 0x45ac2f 0x43f1a1
0: 0 [1: 48] @ 0x41a856 0x41abb7 0x6bd184 0x6be945 0x6c1852 0x6bbe8f 0x6bbbb6 0x5bd408 0x500a14 0x50865a 0x53a82d 0x54371d 0x53a78a 0x460a49 0x45ac2f 0x43f1a1
0: 0 [90: 36126720] @ 0x41a856 0x41abb7 0x6bbf0b 0x6bbbb6 0x5bd408 0x500a14 0x50865a 0x53a82d 0x54371d 0x53a78a 0x460a49 0x45ac2f 0x43f1a1
0: 0 [90: 35389440] @ 0x41a856 0x41abb7 0x6bbf0b 0x6bbbb6 0x5bd408 0x500a14 0x50865a 0x53a82d 0x54371d 0x53a78a 0x460a49 0x45ac2f 0x43f1a1
0: 0 [90: 34652160] @ 0x41a856 0x41abb7 0x6bbf0b 0x6bbbb6 0x5bd408 0x500a14 0x50865a 0x53a82d 0x54371d 0x53a78a 0x460a49 0x45ac2f 0x43f1a1
0: 0 [88: 33161216] @ 0x41a856 0x41abb7 0x6bbf0b 0x6bbbb6 0x5bd408 0x500a14 0x50865a 0x53a82d 0x54371d 0x53a78a 0x460a49 0x45ac2f 0x43f1a1
0: 0 [86: 31703040] @ 0x41a856 0x41abb7 0x6bbf0b 0x6bbbb6 0x5bd408 0x500a14 0x50865a 0x53a82d 0x54371d 0x53a78a 0x460a49 0x45ac2f 0x43f1a1
0: 0 [87: 31358976] @ 0x41a856 0x41abb7 0x6bbf0b 0x6bbbb6 0x5bd408 0x500a14 0x50865a 0x53a82d 0x54371d 0x53a78a 0x460a49 0x45ac2f 0x43f1a1
0: 0 [79: 27828224] @ 0x41a856 0x41abb7 0x6bbf0b 0x6bbbb6 0x5bd408 0x500a14 0x50865a 0x53a82d 0x54371d 0x53a78a 0x460a49 0x45ac2f 0x43f1a1
0: 0 [80: 27525120] @ 0x41a856 0x41abb7 0x6bbf0b 0x6bbbb6 0x5bd408 0x500a14 0x50865a 0x53a82d 0x54371d 0x53a78a 0x460a49 0x45ac2f 0x43f1a1
0: 0 [89: 29892608] @ 0x41a856 0x41abb7 0x6bbf0b 0x6bbbb6 0x5bd408 0x500a14 0x50865a 0x53a82d 0x54371d 0x53a78a 0x460a49 0x45ac2f 0x43f1a1
0: 0 [82: 26869760] @ 0x41a856 0x41abb7 0x6bbf0b 0x6bbbb6 0x5bd408 0x500a14 0x50865a 0x53a82d 0x54371d 0x53a78a 0x460a49 0x45ac2f 0x43f1a1
0: 0 [81: 25878528] @ 0x41a856 0x41abb7 0x6bbf0b 0x6bbbb6 0x5bd408 0x500a14 0x50865a 0x53a82d 0x54371d 0x53a78a 0x460a49 0x45ac2f 0x43f1a1
0: 0 [83: 25837568] @ 0x41a856 0x41abb7 0x6bbf0b 0x6bbbb6 0x5bd408 0x500a14 0x50865a 0x53a82d 0x54371d 0x53a78a 0x460a49 0x45ac2f 0x43f1a1
0: 0 [77: 23339008] @ 0x41a856 0x41abb7 0x6bbf0b 0x6bbbb6 0x5bd408 0x500a14 0x50865a 0x53a82d 0x54371d 0x53a78a 0x460a49 0x45ac2f 0x43f1a1
0: 0 [74: 21823488] @ 0x41a856 0x41abb7 0x6bbf0b 0x6bbbb6 0x5bd408 0x500a14 0x50865a 0x53a82d 0x54371d 0x53a78a 0x460a49 0x45ac2f 0x43f1a1
0: 0 [74: 21217280] @ 0x41a856 0x41abb7 0x6bbf0b 0x6bbbb6 0x5bd408 0x500a14 0x50865a 0x53a82d 0x54371d 0x53a78a 0x460a49 0x45ac2f 0x43f1a1
0: 0 [1: 64] @ 0x41a856 0x41ab34 0x6be98f 0x6c1852 0x6bbe8f 0x6bbbb6 0x5bd408 0x500a14 0x50865a 0x53a82d 0x54371d 0x53a78a 0x460a49 0x45ac2f 0x43f1a1
0: 0 [75: 20889600] @ 0x41a856 0x41abb7 0x6bbf0b 0x6bbbb6 0x5bd408 0x500a14 0x50865a 0x53a82d 0x54371d 0x53a78a 0x460a49 0x45ac2f 0x43f1a1
0: 0 [71: 19193856] @ 0x41a856 0x41abb7 0x6bbf0b 0x6bbbb6 0x5bd408 0x500a14 0x50865a 0x53a82d 0x54371d 0x53a78a 0x460a49 0x45ac2f 0x43f1a1
0: 0 [61: 15990784] @ 0x41a856 0x41abb7 0x6bbf0b 0x6bbbb6 0x5bd408 0x500a14 0x50865a 0x53a82d 0x54371d 0x53a78a 0x460a49 0x45ac2f 0x43f1a1
0: 0 [67: 17014784] @ 0x41a856 0x41abb7 0x6bbf0b 0x6bbbb6 0x5bd408 0x500a14 0x50865a 0x53a82d 0x54371d 0x53a78a 0x460a49 0x45ac2f 0x43f1a1
0: 0 [62: 15237120] @ 0x41a856 0x41abb7 0x6bbf0b 0x6bbbb6 0x5bd408 0x500a14 0x50865a 0x53a82d 0x54371d 0x53a78a 0x460a49 0x45ac2f 0x43f1a1
0: 0 [61: 14491648] @ 0x41a856 0x41abb7 0x6bbf0b 0x6bbbb6 0x5bd408 0x500a14 0x50865a 0x53a82d 0x54371d 0x53a78a 0x460a49 0x45ac2f 0x43f1a1
0: 0 [67: 15368192] @ 0x41a856 0x41abb7 0x6bbf0b 0x6bbbb6 0x5bd408 0x500a14 0x50865a 0x53a82d 0x54371d 0x53a78a 0x460a49 0x45ac2f 0x43f1a1
0: 0 [53: 11722752] @ 0x41a856 0x41abb7 0x6bbf0b 0x6bbbb6 0x5bd408 0x500a14 0x50865a 0x53a82d 0x54371d 0x53a78a 0x460a49 0x45ac2f 0x43f1a1
0: 0 [51: 10862592] @ 0x41a856 0x41abb7 0x6bbf0b 0x6bbbb6 0x5bd408 0x500a14 0x50865a 0x53a82d 0x54371d 0x53a78a 0x460a49 0x45ac2f 0x43f1a1
0: 0 [3: 96] @ 0x41a856 0x41abb7 0x6be25d 0x6bdc57 0x6bd105 0x6be945 0x6c1852 0x6bbe8f 0x6bbbb6 0x5bd408 0x500a14 0x50865a 0x53a82d 0x54371d 0x53a78a 0x460a49 0x45ac2f 0x43f1a1
0: 0 [48: 9830400] @ 0x41a856 0x41abb7 0x6bbf0b 0x6bbbb6 0x5bd408 0x500a14 0x50865a 0x53a82d 0x54371d 0x53a78a 0x460a49 0x45ac2f 0x43f1a1
0: 0 [57: 11206656] @ 0x41a856 0x41abb7 0x6bbf0b 0x6bbbb6 0x5bd408 0x500a14 0x50865a 0x53a82d 0x54371d 0x53a78a 0x460a49 0x45ac2f 0x43f1a1
0: 0 [54: 10174464] @ 0x41a856 0x41abb7 0x6bbf0b 0x6bbbb6 0x5bd408 0x500a14 0x50865a 0x53a82d 0x54371d 0x53a78a 0x460a49 0x45ac2f 0x43f1a1
0: 0 [40: 7208960] @ 0x41a856 0x41abb7 0x6bbf0b 0x6bbbb6 0x5bd408 0x500a14 0x50865a 0x53a82d 0x54371d 0x53a78a 0x460a49 0x45ac2f 0x43f1a1
0: 0 [48: 8257536] @ 0x41a856 0x41abb7 0x6bbf0b 0x6bbbb6 0x5bd408 0x500a14 0x50865a 0x53a82d 0x54371d 0x53a78a 0x460a49 0x45ac2f 0x43f1a1
0: 0 [45: 7372800] @ 0x41a856 0x41abb7 0x6bbf0b 0x6bbbb6 0x5bd408 0x500a14 0x50865a 0x53a82d 0x54371d 0x53a78a 0x460a49 0x45ac2f 0x43f1a1
0: 0 [36: 5603328] @ 0x41a856 0x41abb7 0x6bbf0b 0x6bbbb6 0x5bd408 0x500a14 0x50865a 0x53a82d 0x54371d 0x53a78a 0x460a49 0x45ac2f 0x43f1a1
0: 0 [41: 6045696] @ 0x41a856 0x41abb7 0x6bbf0b 0x6bbbb6 0x5bd408 0x500a14 0x50865a 0x53a82d 0x54371d 0x53a78a 0x460a49 0x45ac2f 0x43f1a1
0: 0 [37: 5152768] @ 0x41a856 0x41abb7 0x6bbf0b 0x6bbbb6 0x5bd408 0x500a14 0x50865a 0x53a82d 0x54371d 0x53a78a 0x460a49 0x45ac2f 0x43f1a1
0: 0 [36: 4718592] @ 0x41a856 0x41abb7 0x6bbf0b 0x6bbbb6 0x5bd408 0x500a14 0x50865a 0x53a82d 0x54371d 0x53a78a 0x460a49 0x45ac2f 0x43f1a1
0: 0 [31: 3809280] @ 0x41a856 0x41abb7 0x6bbf0b 0x6bbbb6 0x5bd408 0x500a14 0x50865a 0x53a82d 0x54371d 0x53a78a 0x460a49 0x45ac2f 0x43f1a1
0: 0 [30: 3440640] @ 0x41a856 0x41abb7 0x6bbf0b 0x6bbbb6 0x5bd408 0x500a14 0x50865a 0x53a82d 0x54371d 0x53a78a 0x460a49 0x45ac2f 0x43f1a1
0: 0 [27: 2875392] @ 0x41a856 0x41abb7 0x6bbf0b 0x6bbbb6 0x5bd408 0x500a14 0x50865a 0x53a82d 0x54371d 0x53a78a 0x460a49 0x45ac2f 0x43f1a1
0: 0 [31: 3047424] @ 0x41a856 0x41abb7 0x6bbf0b 0x6bbbb6 0x5bd408 0x500a14 0x50865a 0x53a82d 0x54371d 0x53a78a 0x460a49 0x45ac2f 0x43f1a1
0: 0 [24: 2162688] @ 0x41a856 0x41abb7 0x6bbf0b 0x6bbbb6 0x5bd408 0x500a14 0x50865a 0x53a82d 0x54371d 0x53a78a 0x460a49 0x45ac2f 0x43f1a1
0: 0 [23: 1884160] @ 0x41a856 0x41abb7 0x6bbf0b 0x6bbbb6 0x5bd408 0x500a14 0x50865a 0x53a82d 0x54371d 0x53a78a 0x460a49 0x45ac2f 0x43f1a1
0: 0 [19: 1400832] @ 0x41a856 0x41abb7 0x6bbf0b 0x6bbbb6 0x5bd408 0x500a14 0x50865a 0x53a82d 0x54371d 0x53a78a 0x460a49 0x45ac2f 0x43f1a1
0: 0 [14: 917504] @ 0x41a856 0x41abb7 0x6bbf0b 0x6bbbb6 0x5bd408 0x500a14 0x50865a 0x53a82d 0x54371d 0x53a78a 0x460a49 0x45ac2f 0x43f1a1
0: 0 [227: 3632] @ 0x41a856 0x41aac1 0x6bee52 0x6bebd2 0x6be917 0x6c1852 0x6bbe8f 0x6bbbb6 0x5bd408 0x500a14 0x50865a 0x53a82d 0x54371d 0x53a78a 0x460a49 0x45ac2f 0x43f1a1
0: 0 [19: 1089536] @ 0x41a856 0x41abb7 0x6bbf0b 0x6bbbb6 0x5bd408 0x500a14 0x50865a 0x53a82d 0x54371d 0x53a78a 0x460a49 0x45ac2f 0x43f1a1
0: 0 [215: 3440] @ 0x41a856 0x41abb7 0x6be25d 0x6bdbfb 0x6bd105 0x6be945 0x6c1852 0x6bbe8f 0x6bbbb6 0x5bd408 0x500a14 0x50865a 0x53a82d 0x54371d 0x53a78a 0x460a49 0x45ac2f 0x43f1a1
0: 0 [16: 786432] @ 0x41a856 0x41abb7 0x6bbf0b 0x6bbbb6 0x5bd408 0x500a14 0x50865a 0x53a82d 0x54371d 0x53a78a 0x460a49 0x45ac2f 0x43f1a1
0: 0 [14: 573440] @ 0x41a856 0x41abb7 0x6bbf0b 0x6bbbb6 0x5bd408 0x500a14 0x50865a 0x53a82d 0x54371d 0x53a78a 0x460a49 0x45ac2f 0x43f1a1
0: 0 [5: 163840] @ 0x41a856 0x41abb7 0x6bbf0b 0x6bbbb6 0x5bd408 0x500a14 0x50865a 0x53a82d 0x54371d 0x53a78a 0x460a49 0x45ac2f 0x43f1a1
0: 0 [3: 85248] @ 0x41a856 0x41abb7 0x6bbf0b 0x6bbbb6 0x5bd408 0x500a14 0x50865a 0x53a82d 0x54371d 0x53a78a 0x460a49 0x45ac2f 0x43f1a1
0: 0 [5: 122880] @ 0x41a856 0x41abb7 0x6bbf0b 0x6bbbb6 0x5bd408 0x500a14 0x50865a 0x53a82d 0x54371d 0x53a78a 0x460a49 0x45ac2f 0x43f1a1
0: 0 [1: 20480] @ 0x41a856 0x41abb7 0x6bbf0b 0x6bbbb6 0x5bd408 0x500a14 0x50865a 0x53a82d 0x54371d 0x53a78a 0x460a49 0x45ac2f 0x43f1a1
0: 0 [2: 35328] @ 0x41a856 0x41abb7 0x6bbf0b 0x6bbbb6 0x5bd408 0x500a14 0x50865a 0x53a82d 0x54371d 0x53a78a 0x460a49 0x45ac2f 0x43f1a1
0: 0 [1: 16384] @ 0x41a856 0x41abb7 0x6bbf0b 0x6bbbb6 0x5bd408 0x500a14 0x50865a 0x53a82d 0x54371d 0x53a78a 0x460a49 0x45ac2f 0x43f1a1
0: 0 [1: 12288] @ 0x41a856 0x41abb7 0x6bbf0b 0x6bbbb6 0x5bd408 0x500a14 0x50865a 0x53a82d 0x54371d 0x53a78a 0x460a49 0x45ac2f 0x43f1a1
0: 0 [1: 8192] @ 0x41a856 0x41abb7 0x6bbf0b 0x6bbbb6 0x5bd408 0x500a14 0x50865a 0x53a82d 0x54371d 0x53a78a 0x460a49 0x45ac2f 0x43f1a1
0: 0 [1: 48] @ 0x41a3cc 0x6bd48c 0x5bc08c 0x5bd015 0x5bd39d 0x5bd3fa 0x500a14 0x50865a 0x53a82d 0x54371d 0x53a78a 0x460a49 0x45ac2f 0x43f1a1
0: 0 [1: 155648] @ 0x4094c6 0x40860a 0x5bc07a 0x5bd015 0x5bd39d 0x5bd3fa 0x500a14 0x50865a 0x53a82d 0x54371d 0x53a78a 0x460a49 0x45ac2f 0x43f1a1
0: 0 [1: 48] @ 0x6bf831 0x5bc02d 0x5bd015 0x5bd39d 0x5bd3fa 0x500a14 0x50865a 0x53a82d 0x54371d 0x53a78a 0x460a49 0x45ac2f 0x43f1a1
0: 0 [1: 32] @ 0x41a3cc 0x6bd48c 0x5bc72a 0x5bcade 0x5bd39d 0x5bd3fa 0x500a14 0x50865a 0x53a82d 0x54371d 0x53a78a 0x460a49 0x45ac2f 0x43f1a1
0: 0 [1: 8] @ 0x5bc7a3 0x5bcade 0x5bd39d 0x5bd3fa 0x500a14 0x50865a 0x53a82d 0x54371d 0x53a78a 0x460a49 0x45ac2f 0x43f1a1
0: 0 [2: 96] @ 0x6bf831 0x5bbf6e 0x5bc247 0x5bc6a7 0x5bcade 0x5bd39d 0x5bd3fa 0x500a14 0x50865a 0x53a82d 0x54371d 0x53a78a 0x460a49 0x45ac2f 0x43f1a1
0: 0 [2: 64] @ 0x6bd73c 0x5bc72a 0x5bcade 0x5bd39d 0x5bd3fa 0x500a14 0x50865a 0x53a82d 0x54371d 0x53a78a 0x460a49 0x45ac2f 0x43f1a1
0: 0 [3: 96] @ 0x40bd70 0x49f70a 0x6bd668 0x5bc72a 0x5bcade 0x5bd39d 0x5bd3fa 0x500a14 0x50865a 0x53a82d 0x54371d 0x53a78a 0x460a49 0x45ac2f 0x43f1a1
0: 0 [1: 48] @ 0x6bf831 0x5bbf6e 0x5bc247 0x5bc701 0x5bcade 0x5bd39d 0x5bd3fa 0x500a14 0x50865a 0x53a82d 0x54371d 0x53a78a 0x460a49 0x45ac2f 0x43f1a1
0: 0 [1: 64] @ 0x5bc761 0x5bcade 0x5bd39d 0x5bd3fa 0x500a14 0x50865a 0x53a82d 0x54371d 0x53a78a 0x460a49 0x45ac2f 0x43f1a1
0: 0 [1: 32] @ 0x41a3cc 0x6bd3bb 0x5bc72a 0x5bcade 0x5bd39d 0x5bd3fa 0x500a14 0x50865a 0x53a82d 0x54371d 0x53a78a 0x460a49 0x45ac2f 0x43f1a1
0: 0 [1: 212992] @ 0x4094c6 0x40860a 0x5b8db1 0x5ba037 0x5ba114 0x50082e 0x50865a 0x53a82d 0x54371d 0x53a78a 0x460a49 0x45ac2f 0x43f1a1
0: 0 [2: 96] @ 0x4077de 0x500666 0x50865a 0x53a82d 0x54371d 0x53a78a 0x460a49 0x45ac2f 0x43f1a1
0: 0 [1: 106496] @ 0x4094c6 0x40860a 0x5b8bca 0x5ba037 0x5ba114 0x50082e 0x50865a 0x53a82d 0x54371d 0x53a78a 0x460a49 0x45ac2f 0x43f1a1
0: 0 [3: 624] @ 0x4081c9 0x5b8ceb 0x5ba037 0x5ba114 0x50082e 0x50865a 0x53a82d 0x54371d 0x53a78a 0x460a49 0x45ac2f 0x43f1a1
0: 0 [2: 160] @ 0x5b9f2a 0x5ba114 0x50082e 0x50865a 0x53a82d 0x54371d 0x53a78a 0x460a49 0x45ac2f 0x43f1a1
0: 0 [2: 416] @ 0x4081c9 0x5b8ece 0x5ba037 0x5ba114 0x50082e 0x50865a 0x53a82d 0x54371d 0x53a78a 0x460a49 0x45ac2f 0x43f1a1
0: 0 [7: 2016] @ 0x4081c9 0x5b8495 0x5006a8 0x50865a 0x53a82d 0x54371d 0x53a78a 0x460a49 0x45ac2f 0x43f1a1
0: 0 [2: 96] @ 0x4077de 0x50008f 0x50865a 0x53a82d 0x54371d 0x53a78a 0x460a49 0x45ac2f 0x43f1a1
0: 0 [5: 800] @ 0x4081c9 0x5baea7 0x5ba1f6 0x500577 0x50865a 0x53a82d 0x54371d 0x53a78a 0x460a49 0x45ac2f 0x43f1a1
0: 0 [1: 208] @ 0x408415 0x5ba73d 0x5ba1bc 0x500577 0x50865a 0x53a82d 0x54371d 0x53a78a 0x460a49 0x45ac2f 0x43f1a1
0: 0 [1: 16] @ 0x41acab 0x4ae273 0x4adc90 0x4adcf3 0x500133 0x50865a 0x53a82d 0x54371d 0x53a78a 0x460a49 0x45ac2f 0x43f1a1
0: 0 [2: 576] @ 0x4081c9 0x5b8495 0x5000d1 0x50865a 0x53a82d 0x54371d 0x53a78a 0x460a49 0x45ac2f 0x43f1a1
0: 0 [1: 32] @ 0x5ba14a 0x500577 0x50865a 0x53a82d 0x54371d 0x53a78a 0x460a49 0x45ac2f 0x43f1a1
0: 0 [1: 208] @ 0x41a3cc 0x4b8414 0x4b82c9 0x502c6e 0x43f1a1
0: 0 [1: 80] @ 0x41a3cc 0x5673d1 0x567868 0x502836 0x43f1a1
0: 0 [1: 229376] @ 0x41a3cc 0x5070ab 0x508504 0x53a82d 0x54371d 0x53a78a 0x460a49 0x45ac2f 0x43f1a1
0: 0 [1: 16] @ 0x40bd70 0x443b5f 0x4414f1 0x4c449c 0x4c457b 0x508333 0x53a82d 0x54371d 0x53a78a 0x460a49 0x45ac2f 0x43f1a1
0: 0 [1: 48] @ 0x591bc4 0x591fa3 0x4fd0fb 0x4ff0bd 0x508082 0x53a82d 0x54371d 0x53a78a 0x460a49 0x45ac2f 0x43f1a1
0: 0 [1: 48] @ 0x591bc4 0x591fa3 0x4fd43c 0x4ff155 0x508082 0x53a82d 0x54371d 0x53a78a 0x460a49 0x45ac2f 0x43f1a1
0: 0 [1: 48] @ 0x591bc4 0x591fa3 0x4fd43c 0x4ff0bd 0x508082 0x53a82d 0x54371d 0x53a78a 0x460a49 0x45ac2f 0x43f1a1
0: 0 [1: 48] @ 0x5918aa 0x4fd00e 0x4ff0bd 0x508082 0x53a82d 0x54371d 0x53a78a 0x460a49 0x45ac2f 0x43f1a1
0: 0 [2: 192] @ 0x40bbb2 0x4fd417 0x4ff0bd 0x508082 0x53a82d 0x54371d 0x53a78a 0x460a49 0x45ac2f 0x43f1a1
0: 0 [1: 16] @ 0x41a3cc 0x4fdaf4 0x4ff00e 0x508082 0x53a82d 0x54371d 0x53a78a 0x460a49 0x45ac2f 0x43f1a1
0: 0 [1: 16] @ 0x41a627 0x4fc922 0x4fe345 0x4ff00e 0x508082 0x53a82d 0x54371d 0x53a78a 0x460a49 0x45ac2f 0x43f1a1
0: 0 [1: 48] @ 0x591bc4 0x591fa3 0x4fd0fb 0x4ff155 0x508082 0x53a82d 0x54371d 0x53a78a 0x460a49 0x45ac2f 0x43f1a1
0: 0 [6: 576] @ 0x40bbb2 0x4fd417 0x4ff155 0x508082 0x53a82d 0x54371d 0x53a78a 0x460a49 0x45ac2f 0x43f1a1
0: 0 [1: 32] @ 0x41a6ab 0x4fe6d0 0x4ff00e 0x508082 0x53a82d 0x54371d 0x53a78a 0x460a49 0x45ac2f 0x43f1a1
0: 0 [1: 16] @ 0x505569 0x508030 0x53a82d 0x54371d 0x53a78a 0x460a49 0x45ac2f 0x43f1a1
0: 0 [1: 16] @ 0x41a627 0x4fc1ab 0x43f1a1
0: 0 [1: 16] @ 0x41a627 0x4fbe60 0x43f1a1
0: 0 [1: 16] @ 0x41a3cc 0x4e6888 0x4fc630 0x508005 0x53a82d 0x54371d 0x53a78a 0x460a49 0x45ac2f 0x43f1a1
0: 0 [4: 2048] @ 0x41a6ab 0x4e69ba 0x4fc630 0x508005 0x53a82d 0x54371d 0x53a78a 0x460a49 0x45ac2f 0x43f1a1
0: 0 [6: 96] @ 0x41a627 0x4fb901 0x43f1a1
0: 0 [8: 128] @ 0x41a627 0x4fbb1c 0x43f1a1
0: 0 [2: 256] @ 0x41a627 0x4faeaa 0x43f1a1
0: 0 [1: 128] @ 0x41a6ab 0x4e69ba 0x4fc630 0x508005 0x53a82d 0x54371d 0x53a78a 0x460a49 0x45ac2f 0x43f1a1
0: 0 [13: 416] @ 0x40bd70 0x4fb754 0x43f1a1
0: 0 [15: 960] @ 0x41a627 0x4faeaa 0x43f1a1
0: 0 [17: 544] @ 0x40bd70 0x4fb7d1 0x43f1a1
0: 0 [3: 768] @ 0x41a6ab 0x4e69ba 0x4fc630 0x508005 0x53a82d 0x54371d 0x53a78a 0x460a49 0x45ac2f 0x43f1a1
0: 0 [29: 464] @ 0x41a3cc 0x5673d1 0x567868 0x4fa2f5 0x43f1a1
0: 0 [25: 400] @ 0x41acab 0x5678b0 0x4fa2f5 0x43f1a1
0: 0 [1: 64] @ 0x41a6ab 0x4e69ba 0x4fc630 0x508005 0x53a82d 0x54371d 0x53a78a 0x460a49 0x45ac2f 0x43f1a1
0: 0 [133: 4256] @ 0x41a627 0x4faeaa 0x43f1a1
0: 0 [614: 78592] @ 0x41a3cc 0x5673d1 0x567868 0x4fa2f5 0x43f1a1
0: 0 [980: 219520] @ 0x41a3cc 0x4b7e5d 0x4b8246 0x4fa56a 0x43f1a1
0: 0 [528: 67584] @ 0x41acab 0x5678b0 0x4fa2f5 0x43f1a1
0: 0 [1: 4096] @ 0x41a3cc 0x565d6f 0x565e7b 0x4fa2c3 0x43f1a1
0: 0 [1: 2304] @ 0x41a3cc 0x4f6b09 0x4f8842 0x507e32 0x53a82d 0x54371d 0x53a78a 0x460a49 0x45ac2f 0x43f1a1
0: 0 [1: 4096] @ 0x41a3cc 0x5c57c7 0x4f80bf 0x507e32 0x53a82d 0x54371d 0x53a78a 0x460a49 0x45ac2f 0x43f1a1
0: 0 [1: 1664] @ 0x41a627 0x5c5010 0x4f80bf 0x507e32 0x53a82d 0x54371d 0x53a78a 0x460a49 0x45ac2f 0x43f1a1
0: 0 [1: 1024] @ 0x41a627 0x49c367 0x5c4ce1 0x4f80bf 0x507e32 0x53a82d 0x54371d 0x53a78a 0x460a49 0x45ac2f 0x43f1a1
0: 0 [1: 3328] @ 0x41a3cc 0x4f6b09 0x4f8842 0x507e32 0x53a82d 0x54371d 0x53a78a 0x460a49 0x45ac2f 0x43f1a1
0: 0 [1: 6400] @ 0x41a3cc 0x5c57c7 0x4f80bf 0x507e32 0x53a82d 0x54371d 0x53a78a 0x460a49 0x45ac2f 0x43f1a1
0: 0 [2: 10752] @ 0x41a627 0x5c71b6 0x5c4f03 0x4f80bf 0x507e32 0x53a82d 0x54371d 0x53a78a 0x460a49 0x45ac2f 0x43f1a1
0: 0 [1: 8448] @ 0x41a3cc 0x5c57c7 0x4f80bf 0x507e32 0x53a82d 0x54371d 0x53a78a 0x460a49 0x45ac2f 0x43f1a1
0: 0 [1: 3328] @ 0x41a627 0x49c367 0x5c4ce1 0x4f80bf 0x507e32 0x53a82d 0x54371d 0x53a78a 0x460a49 0x45ac2f 0x43f1a1
0: 0 [2: 24576] @ 0x41a627 0x5c71b6 0x5c4f03 0x4f80bf 0x507e32 0x53a82d 0x54371d 0x53a78a 0x460a49 0x45ac2f 0x43f1a1
0: 0 [1: 6144] @ 0x41a627 0x49c367 0x5c4ce1 0x4f80bf 0x507e32 0x53a82d 0x54371d 0x53a78a 0x460a49 0x45ac2f 0x43f1a1
0: 0 [1: 5376] @ 0x41a3cc 0x4f6b09 0x4f8842 0x507e32 0x53a82d 0x54371d 0x53a78a 0x460a49 0x45ac2f 0x43f1a1
0: 0 [1: 2816] @ 0x41a627 0x5c71b6 0x5c4f03 0x4f80bf 0x507e32 0x53a82d 0x54371d 0x53a78a 0x460a49 0x45ac2f 0x43f1a1
0: 0 [1: 8704] @ 0x41a3cc 0x4f6b09 0x4f8842 0x507e32 0x53a82d 0x54371d 0x53a78a 0x460a49 0x45ac2f 0x43f1a1
0: 0 [1: 1408] @ 0x41a627 0x5c71b6 0x5c4f03 0x4f80bf 0x507e32 0x53a82d 0x54371d 0x53a78a 0x460a49 0x45ac2f 0x43f1a1
0: 0 [1: 576] @ 0x41a3cc 0x4f6b6e 0x4f8842 0x507e32 0x53a82d 0x54371d 0x53a78a 0x460a49 0x45ac2f 0x43f1a1
0: 0 [1: 2816] @ 0x41a3cc 0x4f6b6e 0x4f8842 0x507e32 0x53a82d 0x54371d 0x53a78a 0x460a49 0x45ac2f 0x43f1a1
0: 0 [1: 2560] @ 0x41a627 0x5c71b6 0x5c4f03 0x4f80bf 0x507e32 0x53a82d 0x54371d 0x53a78a 0x460a49 0x45ac2f 0x43f1a1
0: 0 [2: 32768] @ 0x41a3cc 0x5c57c7 0x4f80bf 0x507e32 0x53a82d 0x54371d 0x53a78a 0x460a49 0x45ac2f 0x43f1a1
0: 0 [1: 1280] @ 0x41a627 0x5c5010 0x4f80bf 0x507e32 0x53a82d 0x54371d 0x53a78a 0x460a49 0x45ac2f 0x43f1a1
0: 0 [1: 16] @ 0x41acab 0x4d4351 0x4d4729 0x4d6f0a 0x4d8013 0x4d2530 0x4d231b 0x4f866e 0x507e32 0x53a82d 0x54371d 0x53a78a 0x460a49 0x45ac2f 0x43f1a1
0: 0 [1: 5376] @ 0x41a3cc 0x4f6b6e 0x4f8842 0x507e32 0x53a82d 0x54371d 0x53a78a 0x460a49 0x45ac2f 0x43f1a1
0: 0 [1: 96] @ 0x4f82d8 0x507e32 0x53a82d 0x54371d 0x53a78a 0x460a49 0x45ac2f 0x43f1a1
0: 0 [1: 32] @ 0x41a3cc 0x49bf9e 0x49be23 0x5c4c8b 0x4f80bf 0x507e32 0x53a82d 0x54371d 0x53a78a 0x460a49 0x45ac2f 0x43f1a1
0: 0 [1: 10496] @ 0x41a3cc 0x5c57c7 0x4f80bf 0x507e32 0x53a82d 0x54371d 0x53a78a 0x460a49 0x45ac2f 0x43f1a1
0: 0 [1: 3328] @ 0x41a3cc 0x5c57c7 0x4f80bf 0x507e32 0x53a82d 0x54371d 0x53a78a 0x460a49 0x45ac2f 0x43f1a1
0: 0 [1: 2304] @ 0x41a3cc 0x4f6b6e 0x4f8842 0x507e32 0x53a82d 0x54371d 0x53a78a 0x460a49 0x45ac2f 0x43f1a1
0: 0 [1: 4096] @ 0x41a627 0x5c71b6 0x5c4f03 0x4f80bf 0x507e32 0x53a82d 0x54371d 0x53a78a 0x460a49 0x45ac2f 0x43f1a1
0: 0 [1: 352] @ 0x41a627 0x5c5010 0x4f80bf 0x507e32 0x53a82d 0x54371d 0x53a78a 0x460a49 0x45ac2f 0x43f1a1
0: 0 [1: 8192] @ 0x41a3cc 0x4f6b09 0x4f8842 0x507e32 0x53a82d 0x54371d 0x53a78a 0x460a49 0x45ac2f 0x43f1a1
0: 0 [1: 6656] @ 0x41a627 0x5c71b6 0x5c4f03 0x4f80bf 0x507e32 0x53a82d 0x54371d 0x53a78a 0x460a49 0x45ac2f 0x43f1a1
0: 0 [1: 4608] @ 0x41a627 0x5c71b6 0x5c4f03 0x4f80bf 0x507e32 0x53a82d 0x54371d 0x53a78a 0x460a49 0x45ac2f 0x43f1a1
0: 0 [1: 3072] @ 0x41a3cc 0x4f6b6e 0x4f8842 0x507e32 0x53a82d 0x54371d 0x53a78a 0x460a49 0x45ac2f 0x43f1a1
0: 0 [2: 256] @ 0x5c7805 0x5c5a50 0x5c51ae 0x4f80bf 0x507e32 0x53a82d 0x54371d 0x53a78a 0x460a49 0x45ac2f 0x43f1a1
0: 0 [4: 26624] @ 0x41a3cc 0x5c57c7 0x4f80bf 0x507e32 0x53a82d 0x54371d 0x53a78a 0x460a49 0x45ac2f 0x43f1a1
0: 0 [2: 4096] @ 0x41a3cc 0x4f6b09 0x4f8842 0x507e32 0x53a82d 0x54371d 0x53a78a 0x460a49 0x45ac2f 0x43f1a1
0: 0 [1: 1664] @ 0x41a3cc 0x5c57c7 0x4f80bf 0x507e32 0x53a82d 0x54371d 0x53a78a 0x460a49 0x45ac2f 0x43f1a1
0: 0 [1: 48] @ 0x4d3734 0x4d24c7 0x4d231b 0x4f866e 0x507e32 0x53a82d 0x54371d 0x53a78a 0x460a49 0x45ac2f 0x43f1a1
0: 0 [1: 4096] @ 0x41a3cc 0x4f6b09 0x4f8842 0x507e32 0x53a82d 0x54371d 0x53a78a 0x460a49 0x45ac2f 0x43f1a1
0: 0 [1: 2048] @ 0x41a627 0x5c71b6 0x5c4f03 0x4f80bf 0x507e32 0x53a82d 0x54371d 0x53a78a 0x460a49 0x45ac2f 0x43f1a1
0: 0 [1: 1280] @ 0x41a627 0x49c367 0x5c4ce1 0x4f80bf 0x507e32 0x53a82d 0x54371d 0x53a78a 0x460a49 0x45ac2f 0x43f1a1
0: 0 [7: 2912] @ 0x41a627 0x5c5010 0x4f80bf 0x507e32 0x53a82d 0x54371d 0x53a78a 0x460a49 0x45ac2f 0x43f1a1
0: 0 [1: 8704] @ 0x41a627 0x5c71b6 0x5c4f03 0x4f80bf 0x507e32 0x53a82d 0x54371d 0x53a78a 0x460a49 0x45ac2f 0x43f1a1
0: 0 [1: 6144] @ 0x41a3cc 0x5c57c7 0x4f80bf 0x507e32 0x53a82d 0x54371d 0x53a78a 0x460a49 0x45ac2f 0x43f1a1
0: 0 [1: 13568] @ 0x41a3cc 0x5c57c7 0x4f80bf 0x507e32 0x53a82d 0x54371d 0x53a78a 0x460a49 0x45ac2f 0x43f1a1
0: 0 [1: 1152] @ 0x41a627 0x5c71b6 0x5c4f03 0x4f80bf 0x507e32 0x53a82d 0x54371d 0x53a78a 0x460a49 0x45ac2f 0x43f1a1
0: 0 [2: 2048] @ 0x41a627 0x5c5010 0x4f80bf 0x507e32 0x53a82d 0x54371d 0x53a78a 0x460a49 0x45ac2f 0x43f1a1
0: 0 [1: 704] @ 0x41a627 0x49c367 0x5c4ce1 0x4f80bf 0x507e32 0x53a82d 0x54371d 0x53a78a 0x460a49 0x45ac2f 0x43f1a1
0: 0 [2: 1792] @ 0x41a3cc 0x4f6b09 0x4f8842 0x507e32 0x53a82d 0x54371d 0x53a78a 0x460a49 0x45ac2f 0x43f1a1
0: 0 [1: 9472] @ 0x41a627 0x5c71b6 0x5c4f03 0x4f80bf 0x507e32 0x53a82d 0x54371d 0x53a78a 0x460a49 0x45ac2f 0x43f1a1
0: 0 [1: 9472] @ 0x41a3cc 0x5c57c7 0x4f80bf 0x507e32 0x53a82d 0x54371d 0x53a78a 0x460a49 0x45ac2f 0x43f1a1
0: 0 [1: 2304] @ 0x41a627 0x5c71b6 0x5c4f03 0x4f80bf 0x507e32 0x53a82d 0x54371d 0x53a78a 0x460a49 0x45ac2f 0x43f1a1
0: 0 [4: 1664] @ 0x41a3cc 0x4f6b6e 0x4f8842 0x507e32 0x53a82d 0x54371d 0x53a78a 0x460a49 0x45ac2f 0x43f1a1
0: 0 [1: 6144] @ 0x41a3cc 0x4f6b6e 0x4f8842 0x507e32 0x53a82d 0x54371d 0x53a78a 0x460a49 0x45ac2f 0x43f1a1
0: 0 [1: 6144] @ 0x41a3cc 0x4f6b09 0x4f8842 0x507e32 0x53a82d 0x54371d 0x53a78a 0x460a49 0x45ac2f 0x43f1a1
0: 0 [2: 5120] @ 0x41a3cc 0x5c57c7 0x4f80bf 0x507e32 0x53a82d 0x54371d 0x53a78a 0x460a49 0x45ac2f 0x43f1a1
0: 0 [3: 1248] @ 0x41a3cc 0x4f6b09 0x4f8842 0x507e32 0x53a82d 0x54371d 0x53a78a 0x460a49 0x45ac2f 0x43f1a1
0: 0 [1: 448] @ 0x41a627 0x5c5010 0x4f80bf 0x507e32 0x53a82d 0x54371d 0x53a78a 0x460a49 0x45ac2f 0x43f1a1
0: 0 [3: 18432] @ 0x41a627 0x5c71b6 0x5c4f03 0x4f80bf 0x507e32 0x53a82d 0x54371d 0x53a78a 0x460a49 0x45ac2f 0x43f1a1
0: 0 [1: 6912] @ 0x41a3cc 0x5c57c7 0x4f80bf 0x507e32 0x53a82d 0x54371d 0x53a78a 0x460a49 0x45ac2f 0x43f1a1
0: 0 [3: 24576] @ 0x41a627 0x5c71b6 0x5c4f03 0x4f80bf 0x507e32 0x53a82d 0x54371d 0x53a78a 0x460a49 0x45ac2f 0x43f1a1
0: 0 [1: 2816] @ 0x41a627 0x49c367 0x5c4ce1 0x4f80bf 0x507e32 0x53a82d 0x54371d 0x53a78a 0x460a49 0x45ac2f 0x43f1a1
0: 0 [1: 3328] @ 0x41a3cc 0x4f6b6e 0x4f8842 0x507e32 0x53a82d 0x54371d 0x53a78a 0x460a49 0x45ac2f 0x43f1a1
0: 0 [1: 4096] @ 0x41a3cc 0x4f6b6e 0x4f8842 0x507e32 0x53a82d 0x54371d 0x53a78a 0x460a49 0x45ac2f 0x43f1a1
0: 0 [16: 14336] @ 0x41a3cc 0x5c57c7 0x4f80bf 0x507e32 0x53a82d 0x54371d 0x53a78a 0x460a49 0x45ac2f 0x43f1a1
0: 0 [4: 32768] @ 0x41a3cc 0x5c57c7 0x4f80bf 0x507e32 0x53a82d 0x54371d 0x53a78a 0x460a49 0x45ac2f 0x43f1a1
0: 0 [2: 2560] @ 0x41a3cc 0x5c57c7 0x4f80bf 0x507e32 0x53a82d 0x54371d 0x53a78a 0x460a49 0x45ac2f 0x43f1a1
0: 0 [2: 4096] @ 0x41a3cc 0x5c57c7 0x4f80bf 0x507e32 0x53a82d 0x54371d 0x53a78a 0x460a49 0x45ac2f 0x43f1a1
0: 0 [1: 4608] @ 0x41a3cc 0x4f6b09 0x4f8842 0x507e32 0x53a82d 0x54371d 0x53a78a 0x460a49 0x45ac2f 0x43f1a1
0: 0 [2: 8192] @ 0x41a627 0x5c5010 0x4f80bf 0x507e32 0x53a82d 0x54371d 0x53a78a 0x460a49 0x45ac2f 0x43f1a1
0: 0 [12: 10752] @ 0x41a627 0x5c71b6 0x5c4f03 0x4f80bf 0x507e32 0x53a82d 0x54371d 0x53a78a 0x460a49 0x45ac2f 0x43f1a1
0: 0 [1: 1152] @ 0x41a3cc 0x4f6b09 0x4f8842 0x507e32 0x53a82d 0x54371d 0x53a78a 0x460a49 0x45ac2f 0x43f1a1
0: 0 [1: 819200] @ 0x41a3cc 0x507d8b 0x53a82d 0x54371d 0x53a78a 0x460a49 0x45ac2f 0x43f1a1
0: 0 [1: 475136] @ 0x41a3cc 0x507ccc 0x53a82d 0x54371d 0x53a78a 0x460a49 0x45ac2f 0x43f1a1
0: 0 [1: 80] @ 0x55ae19 0x5a0e8d 0x59a6e4 0x5b36fd 0x5996db 0x5a0aca 0x5a20b9 0x5a1eb7 0x4eff87 0x507c44 0x53a82d 0x54371d 0x53a78a 0x460a49 0x45ac2f 0x43f1a1
0: 0 [1: 32] @ 0x558f12 0x59a7e3 0x5b36fd 0x5996db 0x5a0aca 0x5a20b9 0x5a1eb7 0x4eff87 0x507c44 0x53a82d 0x54371d 0x53a78a 0x460a49 0x45ac2f 0x43f1a1
0: 0 [1: 64] @ 0x41acab 0x599244 0x59a3d4 0x59a681 0x5b36fd 0x5996db 0x5a0aca 0x5a20b9 0x5a1eb7 0x4eff87 0x507c44 0x53a82d 0x54371d 0x53a78a 0x460a49 0x45ac2f 0x43f1a1
0: 0 [1: 737280] @ 0x4094c6 0x40860a 0x40a076 0x5591c3 0x59a7e3 0x5b36fd 0x5996db 0x5a0aca 0x5a20b9 0x5a1eb7 0x4eff87 0x507c44 0x53a82d 0x54371d 0x53a78a 0x460a49 0x45ac2f 0x43f1a1
0: 0 [1: 368640] @ 0x4094c6 0x40860a 0x40a076 0x5591c3 0x59a7e3 0x5b36fd 0x5996db 0x5a0aca 0x5a20b9 0x5a1eb7 0x4eff87 0x507c44 0x53a82d 0x54371d 0x53a78a 0x460a49 0x45ac2f 0x43f1a1
0: 0 [2: 128] @ 0x41a3cc 0x598ff4 0x59a3d4 0x59a681 0x5b36fd 0x5996db 0x5a0aca 0x5a20b9 0x5a1eb7 0x4eff87 0x507c44 0x53a82d 0x54371d 0x53a78a 0x460a49 0x45ac2f 0x43f1a1
0: 0 [1: 64] @ 0x59a2be 0x59a75b 0x5b36fd 0x5996db 0x5a0aca 0x5a20b9 0x5a1eb7 0x4eff87 0x507c44 0x53a82d 0x54371d 0x53a78a 0x460a49 0x45ac2f 0x43f1a1
0: 0 [2: 128] @ 0x59a2be 0x59a681 0x5b36fd 0x5996db 0x5a0aca 0x5a20b9 0x5a1eb7 0x4eff87 0x507c44 0x53a82d 0x54371d 0x53a78a 0x460a49 0x45ac2f 0x43f1a1
0: 0 [1: 32] @ 0x5594f9 0x596349 0x599e03 0x59a25d 0x5b365d 0x5999be 0x5b37f5 0x59a3d4 0x59a75b 0x5b36fd 0x5996db 0x5a0aca 0x5a20b9 0x5a1eb7 0x4eff87 0x507c44 0x53a82d 0x54371d 0x53a78a 0x460a49 0x45ac2f 0x43f1a1
0: 0 [1: 729088] @ 0x41a3cc 0x596fac 0x5a15ce 0x5a14e1 0x5a1a67 0x5a2072 0x5a1eb7 0x4eff87 0x507c44 0x53a82d 0x54371d 0x53a78a 0x460a49 0x45ac2f 0x43f1a1
0: 0 [3: 12288] @ 0x41a627 0x49c367 0x5c4ce1 0x4f80bf 0x507e32 0x53a82d 0x54371d 0x53a78a 0x460a49 0x45ac2f 0x43f1a1
0: 0 [0: 0] @ 0x41a3cc 0x4db250 0x4db11d 0x45caf0 0x45ae0a 0x4018f5 0x4162a3 0x43f1a1
